<?xml version="1.0" encoding="UTF-8"?>
<!-- Generated by org.testng.reporters.JUnitReportReporter -->
<testsuite skipped="0" hostname="DESKTOP-KV283MH" name="Demo.testngDemo.qsp.Demo2" tests="5" failures="0" timestamp="2021-02-03T16:40:09 IST" time="0.030" errors="0">
  <testcase name="tc" time="0.004" classname="Demo.testngDemo.qsp.Demo2"/>
  <system-out>
Hey.....  </system-out>
  <testcase name="tc" time="0.003" classname="Demo.testngDemo.qsp.Demo2"/>
  <system-out>
Hey.....  </system-out>
  <testcase name="tc" time="0.017" classname="Demo.testngDemo.qsp.Demo2"/>
  <system-out>
Hey.....  </system-out>
  <testcase name="tc" time="0.003" classname="Demo.testngDemo.qsp.Demo2"/>
  <system-out>
Hey.....  </system-out>
  <testcase name="tc" time="0.003" classname="Demo.testngDemo.qsp.Demo2"/>
  <system-out>
Hey.....  </system-out>
</testsuite> <!-- Demo.testngDemo.qsp.Demo2 -->
