<?xml version="1.0" encoding="UTF-8"?>
<!-- Generated by org.testng.reporters.JUnitReportReporter -->
<testsuite skipped="0" hostname="DESKTOP-KV283MH" name="Demo.testngDemo.qsp.Demo4" tests="7" failures="0" timestamp="2021-02-03T17:59:31 IST" time="0.028" errors="0">
  <testcase name="tc5" time="0.002" classname="Demo.testngDemo.qsp.Demo4"/>
  <system-out>
5Hey....!  </system-out>
  <testcase name="tc3" time="0.003" classname="Demo.testngDemo.qsp.Demo4"/>
  <system-out>
3Hey....!  </system-out>
  <testcase name="tc7" time="0.001" classname="Demo.testngDemo.qsp.Demo4"/>
  <system-out>
7Hey....!  </system-out>
  <testcase name="tc2" time="0.002" classname="Demo.testngDemo.qsp.Demo4"/>
  <system-out>
2Hey....!  </system-out>
  <testcase name="tc6" time="0.016" classname="Demo.testngDemo.qsp.Demo4"/>
  <system-out>
6Hey....!  </system-out>
  <testcase name="tc4" time="0.002" classname="Demo.testngDemo.qsp.Demo4"/>
  <system-out>
4Hey....!  </system-out>
  <testcase name="tc1" time="0.002" classname="Demo.testngDemo.qsp.Demo4"/>
  <system-out>
1Hey....!  </system-out>
</testsuite> <!-- Demo.testngDemo.qsp.Demo4 -->
