<?xml version="1.0" encoding="UTF-8"?>
<!-- Generated by org.testng.reporters.JUnitReportReporter -->
<testsuite skipped="1" hostname="DESKTOP-KV283MH" name="Demo.testngDemo.qsp.Demo3" tests="4" failures="0" timestamp="2021-02-03T17:24:22 IST" time="0.024" errors="0">
  <testcase name="tc3" time="0.018" classname="Demo.testngDemo.qsp.Demo3"/>
  <system-out>
3Hey....!  </system-out>
  <testcase name="tc5" time="0.003" classname="Demo.testngDemo.qsp.Demo3"/>
  <system-out>
3Hey....!  </system-out>
  <testcase name="tc1" time="0.003" classname="Demo.testngDemo.qsp.Demo3"/>
  <system-out>
1Hey....!  </system-out>
  <testcase name="tc2" classname="Demo.testngDemo.qsp.Demo3">
    <skipped/>
  </testcase> <!-- tc2 -->
  <system-out/>
</testsuite> <!-- Demo.testngDemo.qsp.Demo3 -->
