<?xml version="1.0" encoding="UTF-8"?>
<!-- Generated by org.testng.reporters.JUnitReportReporter -->
<testsuite skipped="0" hostname="DESKTOP-KV283MH" name="Demo.testngDemo.qsp.DemoReadDataP" tests="4" failures="0" timestamp="2021-02-04T16:27:50 IST" time="0.022" errors="0">
  <testcase name="tc" time="0.002" classname="Demo.testngDemo.qsp.DemoReadDataP"/>
  <system-out>
shreya  vispute  </system-out>
  <testcase name="tc" time="0.002" classname="Demo.testngDemo.qsp.DemoReadDataP"/>
  <system-out>
manager  admin  </system-out>
  <testcase name="tc" time="0.003" classname="Demo.testngDemo.qsp.DemoReadDataP"/>
  <system-out>
admin  admin  </system-out>
  <testcase name="tc" time="0.015" classname="Demo.testngDemo.qsp.DemoReadDataP"/>
  <system-out>
admin  manager  </system-out>
</testsuite> <!-- Demo.testngDemo.qsp.DemoReadDataP -->
