<?xml version="1.0" encoding="UTF-8"?>
<!-- Generated by org.testng.reporters.JUnitReportReporter -->
<testsuite skipped="0" hostname="DESKTOP-KV283MH" name="Demo.testngDemo.qsp.Demop" tests="4" failures="0" timestamp="2021-02-04T16:55:48 IST" time="84.255" errors="0">
  <testcase name="Tc_1" time="23.088" classname="Demo.testngDemo.qsp.Demop"/>
  <system-out>
admin manager  </system-out>
  <testcase name="Tc_1" time="19.451" classname="Demo.testngDemo.qsp.Demop"/>
  <system-out>
manager admin  </system-out>
  <testcase name="Tc_1" time="21.327" classname="Demo.testngDemo.qsp.Demop"/>
  <system-out>
shreya vispute  </system-out>
  <testcase name="Tc_1" time="20.389" classname="Demo.testngDemo.qsp.Demop"/>
  <system-out>
admin admin  </system-out>
</testsuite> <!-- Demo.testngDemo.qsp.Demop -->
