<?xml version="1.0" encoding="UTF-8"?>
<!-- Generated by org.testng.reporters.JUnitReportReporter -->
<testsuite skipped="0" hostname="DESKTOP-KV283MH" name="Demo.testngDemo.qsp.Parallel3" tests="2" failures="0" timestamp="2021-02-05T16:22:59 IST" time="52.517" errors="0">
  <testcase name="TC1" time="23.535" classname="Demo.testngDemo.qsp.Parallel3"/>
  <system-out/>
  <testcase name="TC2" time="28.982" classname="Demo.testngDemo.qsp.Parallel3"/>
  <system-out/>
</testsuite> <!-- Demo.testngDemo.qsp.Parallel3 -->
