<?xml version="1.0" encoding="UTF-8"?>
<!-- Generated by org.testng.reporters.JUnitReportReporter -->
<testsuite skipped="0" hostname="DESKTOP-KV283MH" name="Demo.testngDemo.qsp.DemoCross" tests="2" failures="0" timestamp="2021-02-05T16:47:45 IST" time="34.992" errors="0">
  <testcase name="TC1" time="18.655" classname="Demo.testngDemo.qsp.DemoCross"/>
  <system-out/>
  <testcase name="TC1" time="16.337" classname="Demo.testngDemo.qsp.DemoCross"/>
  <system-out/>
</testsuite> <!-- Demo.testngDemo.qsp.DemoCross -->
