<?xml version="1.0" encoding="UTF-8"?>
<!-- Generated by org.testng.reporters.JUnitReportReporter -->
<testsuite skipped="0" hostname="DESKTOP-KV283MH" name="Demo.testngDemo.qsp.Demo" tests="2" failures="0" timestamp="2021-02-02T17:32:39 IST" time="26.406" errors="0">
  <testcase name="tc_1" time="12.201" classname="Demo.testngDemo.qsp.Demo"/>
  <system-out/>
  <testcase name="tc_2" time="14.205" classname="Demo.testngDemo.qsp.Demo"/>
  <system-out/>
</testsuite> <!-- Demo.testngDemo.qsp.Demo -->
