<?xml version="1.0" encoding="UTF-8"?>
<!-- Generated by org.testng.reporters.JUnitReportReporter -->
<testsuite skipped="0" hostname="DESKTOP-KV283MH" name="Demo.testngDemo.qsp.Demo1" tests="2" failures="0" timestamp="2021-02-03T16:17:59 IST" time="0.019" errors="0">
  <testcase name="tc1" time="0.013" classname="Demo.testngDemo.qsp.Demo1"/>
  <system-out/>
  <testcase name="tc2" time="0.006" classname="Demo.testngDemo.qsp.Demo1"/>
  <system-out/>
</testsuite> <!-- Demo.testngDemo.qsp.Demo1 -->
