<?xml version="1.0" encoding="UTF-8"?>
<!-- Generated by org.testng.reporters.JUnitReportReporter -->
<testsuite skipped="0" hostname="DESKTOP-KV283MH" name="Demo.testngDemo.qsp.Parallel1" tests="1" failures="0" timestamp="2021-02-05T16:14:13 IST" time="36.076" errors="0">
  <testcase name="TC1" time="36.076" classname="Demo.testngDemo.qsp.Parallel1"/>
  <system-out/>
</testsuite> <!-- Demo.testngDemo.qsp.Parallel1 -->
