<?xml version="1.0" encoding="UTF-8"?>
<!-- Generated by org.testng.reporters.JUnitReportReporter -->
<testsuite skipped="0" hostname="DESKTOP-KV283MH" name="Demo.testngDemo.qsp.DemoDataProvider" tests="3" failures="0" timestamp="2021-02-04T16:05:58 IST" time="0.019" errors="0">
  <testcase name="tc" time="0.015" classname="Demo.testngDemo.qsp.DemoDataProvider"/>
  <system-out>
UserA A  </system-out>
  <testcase name="tc" time="0.002" classname="Demo.testngDemo.qsp.DemoDataProvider"/>
  <system-out>
UserB B  </system-out>
  <testcase name="tc" time="0.002" classname="Demo.testngDemo.qsp.DemoDataProvider"/>
  <system-out>
UserC C  </system-out>
</testsuite> <!-- Demo.testngDemo.qsp.DemoDataProvider -->
